<?xml version="1.0" encoding="UTF-8"?>
<!-- Generated by org.testng.reporters.JUnitXMLReporter -->
<testsuite ignored="0" hostname="USMUMAWANGA11" failures="1" tests="2" name="Test" time="36.735" errors="0" timestamp="2024-04-27T01:22:41 IST">
  <testcase classname="com.test.testcases.LoginTest" name="loginTest" time="7.457">
    <failure type="java.lang.AssertionError" message="
expected: &amp;quot;Product&amp;quot;
 but was: &amp;quot;Products&amp;quot;">
      <![CDATA[java.lang.AssertionError: 
expected: "Product"
 but was: "Products"
at com.test.testcases.LoginTest.loginTest(LoginTest.java:32)
at java.base/java.util.concurrent.Executors$RunnableAdapter.call(Executors.java:515)
at java.base/java.util.concurrent.FutureTask.run(FutureTask.java:264)
at java.base/java.util.concurrent.ThreadPoolExecutor.runWorker(ThreadPoolExecutor.java:1128)
at java.base/java.util.concurrent.ThreadPoolExecutor$Worker.run(ThreadPoolExecutor.java:628)
at java.base/java.lang.Thread.run(Thread.java:834)
... Removed 13 stack frames]]>
    </failure>
  </testcase> <!-- loginTest -->
  <testcase classname="com.test.testcases.ProductTest" name="verifyTAndCText" time="8.568"/>
</testsuite> <!-- Test -->
