<?xml version="1.0" encoding="UTF-8"?>
<testng-results ignored="0" total="1" passed="1" failed="0" skipped="0">
  <reporter-output>
  </reporter-output>
  <suite started-at="2024-04-27T02:33:31 IST" name="Default suite" finished-at="2024-04-27T02:33:56 IST" duration-ms="24710">
    <groups>
    </groups>
    <test started-at="2024-04-27T02:33:31 IST" name="Default test" finished-at="2024-04-27T02:33:56 IST" duration-ms="24710">
      <class name="com.test.testcases.ProductTest">
        <test-method is-config="true" signature="setUp()[pri:0, instance:com.test.testcases.ProductTest@202b0582]" started-at="2024-04-27T02:33:31 IST" name="setUp" finished-at="2024-04-27T02:33:44 IST" duration-ms="12928" status="PASS">
          <reporter-output>
          </reporter-output>
        </test-method> <!-- setUp -->
        <test-method signature="verifyTAndCText()[pri:0, instance:com.test.testcases.ProductTest@202b0582]" started-at="2024-04-27T02:33:44 IST" name="verifyTAndCText" description="This is a test method" finished-at="2024-04-27T02:33:54 IST" duration-ms="10327" status="PASS">
          <reporter-output>
          </reporter-output>
        </test-method> <!-- verifyTAndCText -->
        <test-method is-config="true" signature="tearDown(org.testng.ITestResult)[pri:0, instance:com.test.testcases.ProductTest@202b0582]" started-at="2024-04-27T02:33:54 IST" name="tearDown" finished-at="2024-04-27T02:33:56 IST" duration-ms="1402" status="PASS">
          <params>
            <param index="0">
              <value>
                <![CDATA[[TestResult name=verifyTAndCText status=SUCCESS method=ProductTest.verifyTAndCText()[pri:0, instance:com.test.testcases.ProductTest@202b0582] output={null}]]]>
              </value>
            </param>
          </params>
          <reporter-output>
          </reporter-output>
        </test-method> <!-- tearDown -->
      </class> <!-- com.test.testcases.ProductTest -->
    </test> <!-- Default test -->
  </suite> <!-- Default suite -->
</testng-results>
